Build started 12/05/2017 03:02:20.
     1>Project "C:\Users\Pierre-Yves\git\CPP_Project\CPP_CW2016\src\CourseworkBase.vcxproj" on node 2 (Build target(s)).
     1>ClCompile:
         C:\Program Files (x86)\Microsoft Visual Studio 12.0\VC\bin\CL.exe /c /I..\SDL\include /ZI /nologo /W1 /WX- /Od /Oy- /Gm- /EHsc /MD /GS /fp:precise /Zc:wchar_t /Zc:forScope /Fo"C:\Users\Pierre-Yves\git\CPP_Project\CPP_CW2016\/Debug\\" /Fd"C:\Users\Pierre-Yves\git\CPP_Project\CPP_CW2016\/Debug\vc120.pdb" /FR"C:\Users\Pierre-Yves\git\CPP_Project\CPP_CW2016\/Debug\\" /Gd /TP /analyze- /errorReport:prompt BaseEngine.cpp
         BaseEngine.cpp
       Link:
         C:\Program Files (x86)\Microsoft Visual Studio 12.0\VC\bin\link.exe /ERRORREPORT:PROMPT /OUT:"C:\Users\Pierre-Yves\git\CPP_Project\CPP_CW2016\/Debug\CourseworkBase.exe" /NOLOGO /LIBPATH:..\SDL\libx86 SDL2.lib SDL2main.lib SDL2_image.lib SDL2_ttf.lib kernel32.lib user32.lib gdi32.lib winspool.lib comdlg32.lib advapi32.lib shell32.lib ole32.lib oleaut32.lib uuid.lib odbc32.lib odbccp32.lib /MANIFEST /MANIFESTUAC:"level='asInvoker' uiAccess='false'" /manifest:embed /DEBUG /PDB:"C:\Users\Pierre-Yves\git\CPP_Project\CPP_CW2016\/Debug\CourseworkBase.pdb" /MAP:"map" /SUBSYSTEM:CONSOLE /TLBID:1 /ENTRY:"mainCRTStartup" /DYNAMICBASE:NO /IMPLIB:"C:\Users\Pierre-Yves\git\CPP_Project\CPP_CW2016\/Debug\CourseworkBase.lib" /MACHINE:X86 /SAFESEH "C:\Users\Pierre-Yves\git\CPP_Project\CPP_CW2016\/Debug\mainfunction.obj"
         "C:\Users\Pierre-Yves\git\CPP_Project\CPP_CW2016\/Debug\BaseEngine.obj"
         "C:\Users\Pierre-Yves\git\CPP_Project\CPP_CW2016\/Debug\DisplayableObject.obj"
         "C:\Users\Pierre-Yves\git\CPP_Project\CPP_CW2016\/Debug\FontManager.obj"
         "C:\Users\Pierre-Yves\git\CPP_Project\CPP_CW2016\/Debug\JPGImage.obj"
         "C:\Users\Pierre-Yves\git\CPP_Project\CPP_CW2016\/Debug\SimpleDemo.obj"
         "C:\Users\Pierre-Yves\git\CPP_Project\CPP_CW2016\/Debug\TileManager.obj"
         "C:\Users\Pierre-Yves\git\CPP_Project\CPP_CW2016\/Debug\BouncingBall.obj"
         "C:\Users\Pierre-Yves\git\CPP_Project\CPP_CW2016\/Debug\BouncingBallMain.obj"
         "C:\Users\Pierre-Yves\git\CPP_Project\CPP_CW2016\/Debug\Demo1Main.obj"
         "C:\Users\Pierre-Yves\git\CPP_Project\CPP_CW2016\/Debug\Demo2Main.obj"
         "C:\Users\Pierre-Yves\git\CPP_Project\CPP_CW2016\/Debug\Demo2Object.obj"
         "C:\Users\Pierre-Yves\git\CPP_Project\CPP_CW2016\/Debug\Demo2TileManager.obj"
         "C:\Users\Pierre-Yves\git\CPP_Project\CPP_CW2016\/Debug\Demo3Main.obj"
         "C:\Users\Pierre-Yves\git\CPP_Project\CPP_CW2016\/Debug\Demo3Object.obj"
         "C:\Users\Pierre-Yves\git\CPP_Project\CPP_CW2016\/Debug\Demo3ObjectFinished.obj"
         "C:\Users\Pierre-Yves\git\CPP_Project\CPP_CW2016\/Debug\Demo3TileManager.obj"
         "C:\Users\Pierre-Yves\git\CPP_Project\CPP_CW2016\/Debug\Demo4Main.obj"
         "C:\Users\Pierre-Yves\git\CPP_Project\CPP_CW2016\/Debug\Demo4Object.obj"
         "C:\Users\Pierre-Yves\git\CPP_Project\CPP_CW2016\/Debug\Demo4TileManager.obj"
     1>mainfunction.obj : warning LNK4075: ignoring '/EDITANDCONTINUE' due to '/SAFESEH' specification
         CourseworkBase.vcxproj -> C:\Users\Pierre-Yves\git\CPP_Project\CPP_CW2016\/Debug\CourseworkBase.exe
       BscMake:
         C:\Program Files (x86)\Microsoft Visual Studio 12.0\VC\bin\bscmake.exe /nologo /o"C:\Users\Pierre-Yves\git\CPP_Project\CPP_CW2016\/Debug\CourseworkBase.bsc" "C:\Users\Pierre-Yves\git\CPP_Project\CPP_CW2016\/Debug\mainfunction.sbr" "C:\Users\Pierre-Yves\git\CPP_Project\CPP_CW2016\/Debug\BaseEngine.sbr" "C:\Users\Pierre-Yves\git\CPP_Project\CPP_CW2016\/Debug\DisplayableObject.sbr" "C:\Users\Pierre-Yves\git\CPP_Project\CPP_CW2016\/Debug\FontManager.sbr" "C:\Users\Pierre-Yves\git\CPP_Project\CPP_CW2016\/Debug\JPGImage.sbr" "C:\Users\Pierre-Yves\git\CPP_Project\CPP_CW2016\/Debug\SimpleDemo.sbr" "C:\Users\Pierre-Yves\git\CPP_Project\CPP_CW2016\/Debug\TileManager.sbr" "C:\Users\Pierre-Yves\git\CPP_Project\CPP_CW2016\/Debug\BouncingBall.sbr" "C:\Users\Pierre-Yves\git\CPP_Project\CPP_CW2016\/Debug\BouncingBallMain.sbr" "C:\Users\Pierre-Yves\git\CPP_Project\CPP_CW2016\/Debug\Demo1Main.sbr" "C:\Users\Pierre-Yves\git\CPP_Project\CPP_CW2016\/Debug\Demo2Main.sbr" "C:\Users\Pierre-Yves\git\CPP_Project\CPP_CW2016\/Debug\Demo2Object.sbr" "C:\Users\Pierre-Yves\git\CPP_Project\CPP_CW2016\/Debug\Demo2TileManager.sbr" "C:\Users\Pierre-Yves\git\CPP_Project\CPP_CW2016\/Debug\Demo3Main.sbr" "C:\Users\Pierre-Yves\git\CPP_Project\CPP_CW2016\/Debug\Demo3Object.sbr" "C:\Users\Pierre-Yves\git\CPP_Project\CPP_CW2016\/Debug\Demo3ObjectFinished.sbr" "C:\Users\Pierre-Yves\git\CPP_Project\CPP_CW2016\/Debug\Demo3TileManager.sbr" "C:\Users\Pierre-Yves\git\CPP_Project\CPP_CW2016\/Debug\Demo4Main.sbr" "C:\Users\Pierre-Yves\git\CPP_Project\CPP_CW2016\/Debug\Demo4Object.sbr" "C:\Users\Pierre-Yves\git\CPP_Project\CPP_CW2016\/Debug\Demo4TileManager.sbr"
     1>Done Building Project "C:\Users\Pierre-Yves\git\CPP_Project\CPP_CW2016\src\CourseworkBase.vcxproj" (Build target(s)).

Build succeeded.

Time Elapsed 00:00:02.38
